\BOOKMARK [0][-]{Doc-Start}{口試委員會審定書}{}% 1
\BOOKMARK [0][-]{chapter*.1}{誌謝}{}% 2
\BOOKMARK [0][-]{chapter*.2}{Acknowledgements}{}% 3
\BOOKMARK [0][-]{chapter*.3}{摘要}{}% 4
\BOOKMARK [0][-]{chapter*.4}{Abstract}{}% 5
\BOOKMARK [0][-]{chapter.1}{緒論}{}% 6
\BOOKMARK [0][-]{chapter.2}{相關研究}{}% 7
\BOOKMARK [1][-]{section.2.1}{人臉偵測}{chapter.2}% 8
\BOOKMARK [1][-]{section.2.2}{低光照下的人臉偵測}{chapter.2}% 9
\BOOKMARK [1][-]{section.2.3}{影像增強}{chapter.2}% 10
\BOOKMARK [0][-]{chapter.3}{方法}{}% 11
\BOOKMARK [1][-]{section.3.1}{預訓練}{chapter.3}% 12
\BOOKMARK [2][-]{subsection.3.1.1}{損失函數}{section.3.1}% 13
\BOOKMARK [2][-]{subsection.3.1.2}{資料}{section.3.1}% 14
\BOOKMARK [2][-]{subsection.3.1.3}{所使用的模型}{section.3.1}% 15
\BOOKMARK [1][-]{section.3.2}{主要訓練}{chapter.3}% 16
\BOOKMARK [0][-]{chapter.4}{實驗設定與結果}{}% 17
\BOOKMARK [1][-]{section.4.1}{資料集}{chapter.4}% 18
\BOOKMARK [1][-]{section.4.2}{實驗設定}{chapter.4}% 19
\BOOKMARK [1][-]{section.4.3}{實驗結果}{chapter.4}% 20
\BOOKMARK [1][-]{section.4.4}{消融實驗}{chapter.4}% 21
\BOOKMARK [0][-]{chapter.5}{總結與未來目標}{}% 22
\BOOKMARK [0][-]{chapter.5}{Bibliography}{}% 23
